# JRE version: OpenJDK Runtime Environment Temurin-17.0.12+7 (17.0.12+7) (build 17.0.12+7)
# Java VM: OpenJDK 64-Bit Server VM Temurin-17.0.12+7 (17.0.12+7, mixed mode, tiered, compressed oops, compressed class ptrs, parallel gc, windows-amd64)
GC Precious Log:
 CPUs: 28 total, 28 available
 Memory: 32613M
 Large Page Support: Disabled
 NUMA Support: Disabled
 Compressed Oops: Enabled (32-bit)
 Alignments: Space 512K, Generation 512K, Heap 2M
 Heap Min Capacity: 100M
 Heap Initial Capacity: 100M
 Heap Max Capacity: 1G
 Pre-touch: Disabled
 Parallel Workers: 20
Heap:
 PSYoungGen      total 8704K, used 8687K [0x00000000eab00000, 0x00000000eba80000, 0x0000000100000000)
  eden space 7680K, 100% used [0x00000000eab00000,0x00000000eb280000,0x00000000eb280000)
  from space 1024K, 98% used [0x00000000eb380000,0x00000000eb47bca0,0x00000000eb480000)
  to   space 4096K, 25% used [0x00000000eb680000,0x00000000eb785220,0x00000000eba80000)
 ParOldGen       total 295424K, used 286180K [0x00000000c0000000, 0x00000000d2080000, 0x00000000eab00000)
  object space 295424K, 96% used [0x00000000c0000000,0x00000000d1779148,0x00000000d2080000)
 Metaspace       used 112304K, committed 113536K, reserved 1179648K
  class space    used 11208K, committed 11712K, reserved 1048576K
GC Heap History (20 events):
Event: 38848.000 GC heap after
{Heap after GC invocations=70679 (full 1742):
 PSYoungGen      total 9216K, used 1152K [0x00000000eab00000, 0x00000000eb880000, 0x0000000100000000)
  eden space 7680K, 0% used [0x00000000eab00000,0x00000000eab00000,0x00000000eb280000)
  from space 1536K, 75% used [0x00000000eb700000,0x00000000eb820100,0x00000000eb880000)
  to   space 2560K, 0% used [0x00000000eb380000,0x00000000eb380000,0x00000000eb600000)
 ParOldGen       total 295424K, used 277721K [0x00000000c0000000, 0x00000000d2080000, 0x00000000eab00000)
  object space 295424K, 94% used [0x00000000c0000000,0x00000000d0f36498,0x00000000d2080000)
 Metaspace       used 112304K, committed 113536K, reserved 1179648K
  class space    used 11208K, committed 11712K, reserved 1048576K
}
Event: 38848.800 GC heap before
{Heap before GC invocations=70680 (full 1742):
 PSYoungGen      total 9216K, used 8832K [0x00000000eab00000, 0x00000000eb880000, 0x0000000100000000)
  eden space 7680K, 99% used [0x00000000eab00000,0x00000000eb27fff8,0x00000000eb280000)
  from space 1536K, 75% used [0x00000000eb700000,0x00000000eb820100,0x00000000eb880000)
  to   space 2560K, 0% used [0x00000000eb380000,0x00000000eb380000,0x00000000eb600000)
 ParOldGen       total 295424K, used 277721K [0x00000000c0000000, 0x00000000d2080000, 0x00000000eab00000)
  object space 295424K, 94% used [0x00000000c0000000,0x00000000d0f36498,0x00000000d2080000)
 Metaspace       used 112304K, committed 113536K, reserved 1179648K
  class space    used 11208K, committed 11712K, reserved 1048576K
}
Event: 38848.801 GC heap after
{Heap after GC invocations=70680 (full 1742):
 PSYoungGen      total 10240K, used 762K [0x00000000eab00000, 0x00000000eb780000, 0x0000000100000000)
  eden space 7680K, 0% used [0x00000000eab00000,0x00000000eab00000,0x00000000eb280000)
  from space 2560K, 29% used [0x00000000eb380000,0x00000000eb43e920,0x00000000eb600000)
  to   space 1536K, 0% used [0x00000000eb600000,0x00000000eb600000,0x00000000eb780000)
 ParOldGen       total 295424K, used 278143K [0x00000000c0000000, 0x00000000d2080000, 0x00000000eab00000)
  object space 295424K, 94% used [0x00000000c0000000,0x00000000d0f9fc98,0x00000000d2080000)
 Metaspace       used 112304K, committed 113536K, reserved 1179648K
  class space    used 11208K, committed 11712K, reserved 1048576K
}
Event: 38848.807 GC heap before
{Heap before GC invocations=70681 (full 1742):
 PSYoungGen      total 10240K, used 8442K [0x00000000eab00000, 0x00000000eb780000, 0x0000000100000000)
  eden space 7680K, 100% used [0x00000000eab00000,0x00000000eb280000,0x00000000eb280000)
  from space 2560K, 29% used [0x00000000eb380000,0x00000000eb43e920,0x00000000eb600000)
  to   space 1536K, 0% used [0x00000000eb600000,0x00000000eb600000,0x00000000eb780000)
 ParOldGen       total 295424K, used 278143K [0x00000000c0000000, 0x00000000d2080000, 0x00000000eab00000)
  object space 295424K, 94% used [0x00000000c0000000,0x00000000d0f9fc98,0x00000000d2080000)
 Metaspace       used 112304K, committed 113536K, reserved 1179648K
  class space    used 11208K, committed 11712K, reserved 1048576K
}
Event: 38848.808 GC heap after
{Heap after GC invocations=70681 (full 1742):
 PSYoungGen      total 8704K, used 762K [0x00000000eab00000, 0x00000000eb700000, 0x0000000100000000)
  eden space 7680K, 0% used [0x00000000eab00000,0x00000000eab00000,0x00000000eb280000)
  from space 1024K, 74% used [0x00000000eb600000,0x00000000eb6be920,0x00000000eb700000)
  to   space 1024K, 0% used [0x00000000eb500000,0x00000000eb500000,0x00000000eb600000)
 ParOldGen       total 295424K, used 278239K [0x00000000c0000000, 0x00000000d2080000, 0x00000000eab00000)
  object space 295424K, 94% used [0x00000000c0000000,0x00000000d0fb7c98,0x00000000d2080000)
 Metaspace       used 112304K, committed 113536K, reserved 1179648K
  class space    used 11208K, committed 11712K, reserved 1048576K
}
Event: 38849.395 GC heap before
{Heap before GC invocations=70682 (full 1742):
 PSYoungGen      total 8704K, used 8442K [0x00000000eab00000, 0x00000000eb700000, 0x0000000100000000)
  eden space 7680K, 100% used [0x00000000eab00000,0x00000000eb280000,0x00000000eb280000)
  from space 1024K, 74% used [0x00000000eb600000,0x00000000eb6be920,0x00000000eb700000)
  to   space 1024K, 0% used [0x00000000eb500000,0x00000000eb500000,0x00000000eb600000)
 ParOldGen       total 295424K, used 278239K [0x00000000c0000000, 0x00000000d2080000, 0x00000000eab00000)
  object space 295424K, 94% used [0x00000000c0000000,0x00000000d0fb7c98,0x00000000d2080000)
 Metaspace       used 112304K, committed 113536K, reserved 1179648K
  class space    used 11208K, committed 11712K, reserved 1048576K
}
Event: 38849.396 GC heap after
{Heap after GC invocations=70682 (full 1742):
 PSYoungGen      total 8704K, used 1018K [0x00000000eab00000, 0x00000000eb680000, 0x0000000100000000)
  eden space 7680K, 0% used [0x00000000eab00000,0x00000000eab00000,0x00000000eb280000)
  from space 1024K, 99% used [0x00000000eb500000,0x00000000eb5fe920,0x00000000eb600000)
  to   space 512K, 0% used [0x00000000eb600000,0x00000000eb600000,0x00000000eb680000)
 ParOldGen       total 295424K, used 278239K [0x00000000c0000000, 0x00000000d2080000, 0x00000000eab00000)
  object space 295424K, 94% used [0x00000000c0000000,0x00000000d0fb7c98,0x00000000d2080000)
 Metaspace       used 112304K, committed 113536K, reserved 1179648K
  class space    used 11208K, committed 11712K, reserved 1048576K
}
Event: 38849.402 GC heap before
{Heap before GC invocations=70683 (full 1742):
 PSYoungGen      total 8704K, used 8698K [0x00000000eab00000, 0x00000000eb680000, 0x0000000100000000)
  eden space 7680K, 100% used [0x00000000eab00000,0x00000000eb280000,0x00000000eb280000)
  from space 1024K, 99% used [0x00000000eb500000,0x00000000eb5fe920,0x00000000eb600000)
  to   space 512K, 0% used [0x00000000eb600000,0x00000000eb600000,0x00000000eb680000)
 ParOldGen       total 295424K, used 278239K [0x00000000c0000000, 0x00000000d2080000, 0x00000000eab00000)
  object space 295424K, 94% used [0x00000000c0000000,0x00000000d0fb7c98,0x00000000d2080000)
 Metaspace       used 112304K, committed 113536K, reserved 1179648K
  class space    used 11208K, committed 11712K, reserved 1048576K
}
Event: 38849.403 GC heap after
{Heap after GC invocations=70683 (full 1742):
 PSYoungGen      total 8192K, used 487K [0x00000000eab00000, 0x00000000eb680000, 0x0000000100000000)
  eden space 7680K, 0% used [0x00000000eab00000,0x00000000eab00000,0x00000000eb280000)
  from space 512K, 95% used [0x00000000eb600000,0x00000000eb679e50,0x00000000eb680000)
  to   space 2048K, 0% used [0x00000000eb280000,0x00000000eb280000,0x00000000eb480000)
 ParOldGen       total 295424K, used 279355K [0x00000000c0000000, 0x00000000d2080000, 0x00000000eab00000)
  object space 295424K, 94% used [0x00000000c0000000,0x00000000d10ced08,0x00000000d2080000)
 Metaspace       used 112304K, committed 113536K, reserved 1179648K
  class space    used 11208K, committed 11712K, reserved 1048576K
}
Event: 38849.410 GC heap before
{Heap before GC invocations=70684 (full 1742):
 PSYoungGen      total 8192K, used 8167K [0x00000000eab00000, 0x00000000eb680000, 0x0000000100000000)
  eden space 7680K, 100% used [0x00000000eab00000,0x00000000eb280000,0x00000000eb280000)
  from space 512K, 95% used [0x00000000eb600000,0x00000000eb679e50,0x00000000eb680000)
  to   space 2048K, 0% used [0x00000000eb280000,0x00000000eb280000,0x00000000eb480000)
 ParOldGen       total 295424K, used 279355K [0x00000000c0000000, 0x00000000d2080000, 0x00000000eab00000)
  object space 295424K, 94% used [0x00000000c0000000,0x00000000d10ced08,0x00000000d2080000)
 Metaspace       used 112304K, committed 113536K, reserved 1179648K
  class space    used 11208K, committed 11712K, reserved 1048576K
}
Event: 38849.411 GC heap after
{Heap after GC invocations=70684 (full 1742):
 PSYoungGen      total 9728K, used 2042K [0x00000000eab00000, 0x00000000eba80000, 0x0000000100000000)
  eden space 7680K, 0% used [0x00000000eab00000,0x00000000eab00000,0x00000000eb280000)
  from space 2048K, 99% used [0x00000000eb280000,0x00000000eb47e920,0x00000000eb480000)
  to   space 4096K, 0% used [0x00000000eb680000,0x00000000eb680000,0x00000000eba80000)
 ParOldGen       total 295424K, used 280875K [0x00000000c0000000, 0x00000000d2080000, 0x00000000eab00000)
  object space 295424K, 95% used [0x00000000c0000000,0x00000000d124ad08,0x00000000d2080000)
 Metaspace       used 112304K, committed 113536K, reserved 1179648K
  class space    used 11208K, committed 11712K, reserved 1048576K
}
Event: 38849.418 GC heap before
{Heap before GC invocations=70685 (full 1742):
 PSYoungGen      total 9728K, used 9722K [0x00000000eab00000, 0x00000000eba80000, 0x0000000100000000)
  eden space 7680K, 100% used [0x00000000eab00000,0x00000000eb280000,0x00000000eb280000)
  from space 2048K, 99% used [0x00000000eb280000,0x00000000eb47e920,0x00000000eb480000)
  to   space 4096K, 0% used [0x00000000eb680000,0x00000000eb680000,0x00000000eba80000)
 ParOldGen       total 295424K, used 280875K [0x00000000c0000000, 0x00000000d2080000, 0x00000000eab00000)
  object space 295424K, 95% used [0x00000000c0000000,0x00000000d124ad08,0x00000000d2080000)
 Metaspace       used 112304K, committed 113536K, reserved 1179648K
  class space    used 11208K, committed 11712K, reserved 1048576K
}
Event: 38849.419 GC heap after
{Heap after GC invocations=70685 (full 1742):
 PSYoungGen      total 9728K, used 1775K [0x00000000eab00000, 0x00000000eb880000, 0x0000000100000000)
  eden space 7680K, 0% used [0x00000000eab00000,0x00000000eab00000,0x00000000eb280000)
  from space 2048K, 86% used [0x00000000eb680000,0x00000000eb83bca0,0x00000000eb880000)
  to   space 2560K, 0% used [0x00000000eb380000,0x00000000eb380000,0x00000000eb600000)
 ParOldGen       total 295424K, used 283007K [0x00000000c0000000, 0x00000000d2080000, 0x00000000eab00000)
  object space 295424K, 95% used [0x00000000c0000000,0x00000000d145ff28,0x00000000d2080000)
 Metaspace       used 112304K, committed 113536K, reserved 1179648K
  class space    used 11208K, committed 11712K, reserved 1048576K
}
Event: 38849.736 GC heap before
{Heap before GC invocations=70686 (full 1742):
 PSYoungGen      total 9728K, used 9455K [0x00000000eab00000, 0x00000000eb880000, 0x0000000100000000)
  eden space 7680K, 100% used [0x00000000eab00000,0x00000000eb280000,0x00000000eb280000)
  from space 2048K, 86% used [0x00000000eb680000,0x00000000eb83bca0,0x00000000eb880000)
  to   space 2560K, 0% used [0x00000000eb380000,0x00000000eb380000,0x00000000eb600000)
 ParOldGen       total 295424K, used 283007K [0x00000000c0000000, 0x00000000d2080000, 0x00000000eab00000)
  object space 295424K, 95% used [0x00000000c0000000,0x00000000d145ff28,0x00000000d2080000)
 Metaspace       used 112304K, committed 113536K, reserved 1179648K
  class space    used 11208K, committed 11712K, reserved 1048576K
}
Event: 38849.737 GC heap after
{Heap after GC invocations=70686 (full 1742):
 PSYoungGen      total 8704K, used 992K [0x00000000eab00000, 0x00000000eb700000, 0x0000000100000000)
  eden space 7680K, 0% used [0x00000000eab00000,0x00000000eab00000,0x00000000eb280000)
  from space 1024K, 96% used [0x00000000eb380000,0x00000000eb478020,0x00000000eb480000)
  to   space 1536K, 0% used [0x00000000eb580000,0x00000000eb580000,0x00000000eb700000)
 ParOldGen       total 295424K, used 283383K [0x00000000c0000000, 0x00000000d2080000, 0x00000000eab00000)
  object space 295424K, 95% used [0x00000000c0000000,0x00000000d14bdf28,0x00000000d2080000)
 Metaspace       used 112304K, committed 113536K, reserved 1179648K
  class space    used 11208K, committed 11712K, reserved 1048576K
}
Event: 38849.899 GC heap before
{Heap before GC invocations=70687 (full 1742):
 PSYoungGen      total 8704K, used 8672K [0x00000000eab00000, 0x00000000eb700000, 0x0000000100000000)
  eden space 7680K, 100% used [0x00000000eab00000,0x00000000eb280000,0x00000000eb280000)
  from space 1024K, 96% used [0x00000000eb380000,0x00000000eb478020,0x00000000eb480000)
  to   space 1536K, 0% used [0x00000000eb580000,0x00000000eb580000,0x00000000eb700000)
 ParOldGen       total 295424K, used 283383K [0x00000000c0000000, 0x00000000d2080000, 0x00000000eab00000)
  object space 295424K, 95% used [0x00000000c0000000,0x00000000d14bdf28,0x00000000d2080000)
 Metaspace       used 112304K, committed 113536K, reserved 1179648K
  class space    used 11208K, committed 11712K, reserved 1048576K
}
Event: 38849.899 GC heap after
{Heap after GC invocations=70687 (full 1742):
 PSYoungGen      total 8704K, used 768K [0x00000000eab00000, 0x00000000eb680000, 0x0000000100000000)
  eden space 7680K, 0% used [0x00000000eab00000,0x00000000eab00000,0x00000000eb280000)
  from space 1024K, 75% used [0x00000000eb580000,0x00000000eb640020,0x00000000eb680000)
  to   space 1024K, 0% used [0x00000000eb380000,0x00000000eb380000,0x00000000eb480000)
 ParOldGen       total 295424K, used 283447K [0x00000000c0000000, 0x00000000d2080000, 0x00000000eab00000)
  object space 295424K, 95% used [0x00000000c0000000,0x00000000d14cdf28,0x00000000d2080000)
 Metaspace       used 112304K, committed 113536K, reserved 1179648K
  class space    used 11208K, committed 11712K, reserved 1048576K
}
Event: 38849.904 GC heap before
{Heap before GC invocations=70688 (full 1742):
 PSYoungGen      total 8704K, used 8448K [0x00000000eab00000, 0x00000000eb680000, 0x0000000100000000)
  eden space 7680K, 100% used [0x00000000eab00000,0x00000000eb280000,0x00000000eb280000)
  from space 1024K, 75% used [0x00000000eb580000,0x00000000eb640020,0x00000000eb680000)
  to   space 1024K, 0% used [0x00000000eb380000,0x00000000eb380000,0x00000000eb480000)
 ParOldGen       total 295424K, used 283447K [0x00000000c0000000, 0x00000000d2080000, 0x00000000eab00000)
  object space 295424K, 95% used [0x00000000c0000000,0x00000000d14cdf28,0x00000000d2080000)
 Metaspace       used 112304K, committed 113536K, reserved 1179648K
  class space    used 11208K, committed 11712K, reserved 1048576K
}
Event: 38849.906 GC heap after
{Heap after GC invocations=70688 (full 1742):
 PSYoungGen      total 8704K, used 1007K [0x00000000eab00000, 0x00000000eba80000, 0x0000000100000000)
  eden space 7680K, 0% used [0x00000000eab00000,0x00000000eab00000,0x00000000eb280000)
  from space 1024K, 98% used [0x00000000eb380000,0x00000000eb47bca0,0x00000000eb480000)
  to   space 4096K, 0% used [0x00000000eb680000,0x00000000eb680000,0x00000000eba80000)
 ParOldGen       total 295424K, used 285652K [0x00000000c0000000, 0x00000000d2080000, 0x00000000eab00000)
  object space 295424K, 96% used [0x00000000c0000000,0x00000000d16f5148,0x00000000d2080000)
 Metaspace       used 112304K, committed 113536K, reserved 1179648K
  class space    used 11208K, committed 11712K, reserved 1048576K
}
Event: 38850.466 GC heap before
{Heap before GC invocations=70689 (full 1742):
 PSYoungGen      total 8704K, used 8687K [0x00000000eab00000, 0x00000000eba80000, 0x0000000100000000)
  eden space 7680K, 100% used [0x00000000eab00000,0x00000000eb280000,0x00000000eb280000)
  from space 1024K, 98% used [0x00000000eb380000,0x00000000eb47bca0,0x00000000eb480000)
  to   space 4096K, 0% used [0x00000000eb680000,0x00000000eb680000,0x00000000eba80000)
 ParOldGen       total 295424K, used 285652K [0x00000000c0000000, 0x00000000d2080000, 0x00000000eab00000)
  object space 295424K, 96% used [0x00000000c0000000,0x00000000d16f5148,0x00000000d2080000)
 Metaspace       used 112304K, committed 113536K, reserved 1179648K
  class space    used 11208K, committed 11712K, reserved 1048576K
}

